---------------------------------------
Resource Usage Report for latticehx1k 

Mapping to part: ice40hx1ktq144
Cell usage:
GND             35 uses
SB_CARRY        19 uses
SB_DFF          30 uses
SB_DFFE         23 uses
SB_DFFER        19 uses
SB_DFFESR       23 uses
SB_DFFNSR       32 uses
SB_DFFNSS       3 uses
SB_DFFR         7 uses
SB_DFFSR        34 uses
SB_GB           3 uses
SB_PLL40_CORE   1 use
SB_RAM512x8     1 use
VCC             35 uses
SB_LUT4         459 uses

I/O ports: 10
I/O primitives: 10
SB_IO          10 uses

I/O Register bits:                  0
Register bits not including I/Os:   171 (13%)

RAM/ROM usage summary
Block Rams : 1 of 16 (6%)


@S |Mapping Summary:
Total  LUTs: 459 (35%)

Distribution of All Consumed LUTs = LUT4 
Distribution of All Consumed Luts 459 = 459 

